blunt : 0.008849557522123894, 1
narrow-minded : 0.008849557522123894, 1
sophisticated : 0.008849557522123894, 1
ambitious : 0.02654867256637168, 3
cold : 0.02654867256637168, 3
sexist and crybaby. : 0.008849557522123894, 1
arrogant : 0.1592920353982301, 18
uptight : 0.008849557522123894, 1
cowardly : 0.05309734513274336, 6
snobbish : 0.008849557522123894, 1
unimaginative : 0.008849557522123894, 1
unattractive : 0.008849557522123894, 1
insane : 0.02654867256637168, 3
thuggish : 0.008849557522123894, 1
dangerous : 0.07079646017699115, 8
destructive : 0.035398230088495575, 4
cunning : 0.1415929203539823, 16
mean : 0.20353982300884957, 23
mysterious : 0.04424778761061947, 5
vicious : 0.08849557522123894, 10
aggressive : 0.10619469026548672, 12
self-centered : 0.02654867256637168, 3
rude : 0.061946902654867256, 7
egotistical : 0.02654867256637168, 3
bossy : 0.02654867256637168, 3
popular : 0.008849557522123894, 1
demanding : 0.02654867256637168, 3
diva (at times) : 0.008849557522123894, 1
cruel : 0.13274336283185842, 15
girly : 0.008849557522123894, 1
sassy : 0.008849557522123894, 1
rude (at times) : 0.008849557522123894, 1
 : 0.035398230088495575, 4
greedy : 0.20353982300884957, 23
commanding : 0.008849557522123894, 1
independent : 0.008849557522123894, 1
intelligent : 0.07964601769911504, 9
fearless : 0.008849557522123894, 1
haughty : 0.008849557522123894, 1
fatherly : 0.008849557522123894, 1
rough : 0.017699115044247787, 2
enthusiastic : 0.008849557522123894, 1
manipulative : 0.08849557522123894, 10
unpredictable : 0.017699115044247787, 2
clever : 0.02654867256637168, 3
determined : 0.017699115044247787, 2
sneaky : 0.10619469026548672, 12
threatening : 0.017699115044247787, 2
wicked : 0.035398230088495575, 4
evil : 0.1415929203539823, 16
vengeful : 0.035398230088495575, 4
sadistic : 0.07079646017699115, 8
treacherous : 0.035398230088495575, 4
murderous : 0.061946902654867256, 7
fearsome : 0.008849557522123894, 1
authoritative : 0.008849557522123894, 1
moronic : 0.008849557522123894, 1
stupid : 0.02654867256637168, 3
mindless : 0.008849557522123894, 1
hungry : 0.061946902654867256, 7
sly : 0.035398230088495575, 4
cautious : 0.008849557522123894, 1
composed : 0.008849557522123894, 1
guilty : 0.008849557522123894, 1
perverse : 0.008849557522123894, 1
flagitious : 0.008849557522123894, 1
felonious : 0.017699115044247787, 2
violent : 0.061946902654867256, 7
scary : 0.02654867256637168, 3
monstrous : 0.035398230088495575, 4
controlling : 0.008849557522123894, 1
jealous : 0.008849557522123894, 1
insecure : 0.008849557522123894, 1
insensitive : 0.008849557522123894, 1
vain : 0.07079646017699115, 8
crude : 0.008849557522123894, 1
hyperactive : 0.008849557522123894, 1
dimwitted : 0.017699115044247787, 2
loyal : 0.08849557522123894, 10
annoying : 0.017699115044247787, 2
comedic : 0.008849557522123894, 1
immortal : 0.008849557522123894, 1
noisy : 0.008849557522123894, 1
selfish : 0.1592920353982301, 18
sneaking : 0.008849557522123894, 1
charming : 0.008849557522123894, 1
serious : 0.02654867256637168, 3
condescending : 0.017699115044247787, 2
proud : 0.008849557522123894, 1
menacing : 0.017699115044247787, 2
intimidating : 0.017699115044247787, 2
angry : 0.035398230088495575, 4
ferocious : 0.017699115044247787, 2
brutal : 0.035398230088495575, 4
obsessed : 0.008849557522123894, 1
argumentative : 0.017699115044247787, 2
sarcastic : 0.02654867256637168, 3
short-tempered : 0.02654867256637168, 3
strict : 0.017699115044247787, 2
wrathful : 0.017699115044247787, 2
calculating : 0.02654867256637168, 3
delusional : 0.008849557522123894, 1
self-serving : 0.02654867256637168, 3
foolish : 0.008849557522123894, 1
blank : 0.008849557522123894, 1
smart : 0.017699115044247787, 2
quiet : 0.008849557522123894, 1
territorial : 0.02654867256637168, 3
ruthless : 0.12389380530973451, 14
furious : 0.008849557522123894, 1
bloodthirsty : 0.035398230088495575, 4
dark sense of humor : 0.008849557522123894, 1
unscrupulous : 0.02654867256637168, 3
hip-hop : 0.008849557522123894, 1
insidious : 0.008849557522123894, 1
hot-headed : 0.008849557522123894, 1
conniving : 0.04424778761061947, 5
elitist : 0.008849557522123894, 1
snooty : 0.008849557522123894, 1
emotionless : 0.008849557522123894, 1
perfectionists : 0.008849557522123894, 1
lazy : 0.05309734513274336, 6
oafish : 0.008849557522123894, 1
bumbling : 0.02654867256637168, 3
musical : 0.008849557522123894, 1
funny : 0.061946902654867256, 7
mischievous : 0.035398230088495575, 4
grumpy : 0.02654867256637168, 3
irritable : 0.008849557522123894, 1
sweet : 0.017699115044247787, 2
kind : 0.017699115044247787, 2
happy : 0.008849557522123894, 1
clumsy : 0.02654867256637168, 3
friendly : 0.017699115044247787, 2
grumpy (sometimes) : 0.008849557522123894, 1
ill-tempered : 0.008849557522123894, 1
careless : 0.035398230088495575, 4
reckless : 0.008849557522123894, 1
cocky : 0.008849557522123894, 1
helpful : 0.008849557522123894, 1
eccentric : 0.008849557522123894, 1
melodramatic : 0.008849557522123894, 1
extremely violent : 0.008849557522123894, 1
protective : 0.008849557522123894, 1
wild : 0.008849557522123894, 1
harsh : 0.02654867256637168, 3
powerful : 0.035398230088495575, 4
fierce : 0.008849557522123894, 1
bad-tempered : 0.017699115044247787, 2
power-hungry : 0.04424778761061947, 5
tricky : 0.05309734513274336, 6
obsessive : 0.008849557522123894, 1
deceitful : 0.02654867256637168, 3
impatient : 0.05309734513274336, 6
dishonest : 0.035398230088495575, 4
attentive : 0.008849557522123894, 1
earnest : 0.008849557522123894, 1
diligent : 0.008849557522123894, 1
observant : 0.008849557522123894, 1
outlandish : 0.008849557522123894, 1
laid-back : 0.008849557522123894, 1
level-headed : 0.008849557522123894, 1
negative : 0.008849557522123894, 1
xenophobic : 0.008849557522123894, 1
wacky : 0.008849557522123894, 1
scheming : 0.07964601769911504, 9
bully : 0.008849557522123894, 1
crafty : 0.017699115044247787, 2
born loser : 0.008849557522123894, 1
villainous : 0.02654867256637168, 3
abusive : 0.04424778761061947, 5
trickster : 0.008849557522123894, 1
venomous : 0.008849557522123894, 1
gluttonous : 0.008849557522123894, 1
religious : 0.008849557522123894, 1
compassionate (sometimes) : 0.008849557522123894, 1
quick-witted : 0.008849557522123894, 1
seductive : 0.017699115044247787, 2
persuasive : 0.02654867256637168, 3
carnivorous : 0.008849557522123894, 1
savage : 0.02654867256637168, 3
reprobate : 0.008849557522123894, 1
libertine : 0.008849557522123894, 1
crooked : 0.008849557522123894, 1
impolite : 0.008849557522123894, 1
cute : 0.008849557522123894, 1
mute : 0.008849557522123894, 1
strong : 0.02654867256637168, 3
pompous : 0.035398230088495575, 4
vindictive : 0.008849557522123894, 1
Rude : 0.008849557522123894, 1
Selfish : 0.008849557522123894, 1
Aarogent : 0.008849557522123894, 1
 Lazy : 0.008849557522123894, 1
snooby : 0.008849557522123894, 1
unkind : 0.035398230088495575, 4
stubborn : 0.017699115044247787, 2
prideful : 0.008849557522123894, 1
easily-angered : 0.008849557522123894, 1
uncaring : 0.035398230088495575, 4
deranged : 0.017699115044247787, 2
malicious : 0.061946902654867256, 7
ditzy : 0.008849557522123894, 1
dumb-blond : 0.008849557522123894, 1
silly : 0.008849557522123894, 1
fidgety : 0.017699115044247787, 2
shy : 0.008849557522123894, 1
timid : 0.008849557522123894, 1
deceptive : 0.017699115044247787, 2
despicable : 0.008849557522123894, 1
jolly : 0.008849557522123894, 1
petty : 0.008849557522123894, 1
lecherous : 0.008849557522123894, 1
merciless : 0.02654867256637168, 3
envious : 0.008849557522123894, 1
cold-hearted : 0.017699115044247787, 2
sexist : 0.008849557522123894, 1
suave : 0.008849557522123894, 1
persistent : 0.008849557522123894, 1
quick-tempered : 0.008849557522123894, 1
superficial : 0.008849557522123894, 1
childish : 0.008849557522123894, 1
rambunctious : 0.008849557522123894, 1
naughty : 0.008849557522123894, 1
unruly : 0.008849557522123894, 1
out-of-control : 0.008849557522123894, 1
spoiled : 0.017699115044247787, 2
vile : 0.008849557522123894, 1
dark humor : 0.008849557522123894, 1
sinister : 0.017699115044247787, 2
extremely dangerous : 0.008849557522123894, 1
beastly : 0.008849557522123894, 1
caring for plants : 0.008849557522123894, 1
wise : 0.017699115044247787, 2
artistic : 0.008849557522123894, 1
antagonistic towards humans (because most never care about nature) : 0.008849557522123894, 1
cynical : 0.008849557522123894, 1
rich : 0.008849557522123894, 1
serious but fatherly : 0.008849557522123894, 1
stressful : 0.008849557522123894, 1
impulsive : 0.008849557522123894, 1
tomboyish : 0.008849557522123894, 1
lonely : 0.008849557522123894, 1
fun-loving : 0.008849557522123894, 1
self-questioning : 0.008849557522123894, 1
creative : 0.008849557522123894, 1
smooth talking : 0.008849557522123894, 1
naive : 0.008849557522123894, 1
avaricious : 0.008849557522123894, 1
overconfident : 0.017699115044247787, 2
leader : 0.008849557522123894, 1
idiotic : 0.008849557522123894, 1
pathetic : 0.008849557522123894, 1
mutinous : 0.008849557522123894, 1
loud : 0.008849557522123894, 1
nefarious : 0.017699115044247787, 2
crazy : 0.008849557522123894, 1
dim-witted : 0.017699115044247787, 2
deluded : 0.008849557522123894, 1
psychopathic : 0.008849557522123894, 1
diabolical : 0.008849557522123894, 1
meek : 0.008849557522123894, 1
bitter : 0.008849557522123894, 1
prejudiced : 0.008849557522123894, 1
paranoid : 0.008849557522123894, 1
two-faced : 0.008849557522123894, 1
hateful : 0.008849557522123894, 1
sociopathic : 0.017699115044247787, 2
content : 0.008849557522123894, 1
fool : 0.008849557522123894, 1
drunk : 0.008849557522123894, 1
resentful : 0.008849557522123894, 1
dumb but mostly intelligent : 0.008849557522123894, 1
malevolent : 0.008849557522123894, 1
dark : 0.017699115044247787, 2
later good and caring : 0.008849557522123894, 1
Mean (formerly) : 0.008849557522123894, 1
evil (formerly) : 0.008849557522123894, 1
nice : 0.008849557522123894, 1
tough : 0.008849557522123894, 1
disrespectful (formerly) : 0.008849557522123894, 1
humble : 0.008849557522123894, 1
no-nonsense : 0.008849557522123894, 1
arrogant (formerly) : 0.008849557522123894, 1
rigid : 0.008849557522123894, 1
heartless : 0.008849557522123894, 1
traitorous : 0.008849557522123894, 1
opprobrious : 0.008849557522123894, 1
sanguinary : 0.008849557522123894, 1
stuck up : 0.008849557522123894, 1
pampered : 0.008849557522123894, 1
psychotic : 0.017699115044247787, 2
maniacal : 0.008849557522123894, 1
shameless : 0.008849557522123894, 1
devious : 0.017699115044247787, 2
posh : 0.008849557522123894, 1
gentle : 0.008849557522123894, 1
polite : 0.008849557522123894, 1
calm : 0.008849557522123894, 1
honest : 0.008849557522123894, 1
charismatic : 0.017699115044247787, 2
brave : 0.008849557522123894, 1
perfidious : 0.008849557522123894, 1
boastful : 0.008849557522123894, 1
lawful : 0.008849557522123894, 1
elegant : 0.008849557522123894, 1
busy : 0.008849557522123894, 1
regal : 0.008849557522123894, 1
truthful : 0.008849557522123894, 1
luxurious : 0.008849557522123894, 1
blasphemous : 0.008849557522123894, 1
gullible : 0.008849557522123894, 1
extremely lazy : 0.008849557522123894, 1
hot-tempered : 0.008849557522123894, 1
Cruel : 0.008849557522123894, 1
megalomaniac : 0.008849557522123894, 1
vague : 0.008849557522123894, 1
lively : 0.008849557522123894, 1
hammy : 0.008849557522123894, 1
spiteful : 0.008849557522123894, 1
dreadful : 0.008849557522123894, 1
choleric : 0.008849557522123894, 1
chaotic : 0.008849557522123894, 1
whimsical : 0.008849557522123894, 1
witty : 0.008849557522123894, 1
passionate : 0.008849557522123894, 1
confident : 0.008849557522123894, 1
laughable : 0.008849557522123894, 1
slightly dumb : 0.008849557522123894, 1
